[2013-01-03 11:25:23] Transvision.INFO: Target Locale Chosen: cs [] []
[2013-01-03 11:28:07] Transvision.INFO: Target Locale Chosen: cs [] []
[2013-01-04 00:06:30] Transvision.INFO: Target Locale Chosen: fr [] []
[2013-01-04 00:08:40] Transvision.INFO: Target Locale Chosen: fr [] []
[2013-01-04 00:09:03] Transvision.INFO: Target Locale Chosen: fr [] []
[2013-01-04 00:09:11] Transvision.INFO: Target Locale Chosen: fr [] []
[2013-01-04 00:11:45] Transvision.INFO: Target Locale Chosen: fr [] []
[2013-01-04 00:11:51] Transvision.INFO: Target Locale Chosen: fr [] []
[2013-01-04 00:12:01] Transvision.INFO: Target Locale Chosen: fr [] []
[2013-01-04 00:12:39] Transvision.INFO: Target Locale Chosen: fr [] []
[2013-01-04 00:12:58] Transvision.INFO: Target Locale Chosen: fr [] []
[2013-01-04 00:16:41] Transvision.INFO: Target Locale Chosen: fr [] []
[2013-01-04 00:18:58] Transvision.INFO: Target Locale Chosen: fr [] []
[2013-01-04 00:19:13] Transvision.INFO: Target Locale Chosen: fr [] []
[2013-01-04 00:19:19] Transvision.INFO: Target Locale Chosen: fr [] []
[2013-01-04 00:19:36] Transvision.INFO: Target Locale Chosen: fr [] []
[2013-01-04 00:19:55] Transvision.INFO: Target Locale Chosen: fr [] []
[2013-01-04 00:19:59] Transvision.INFO: Target Locale Chosen: fr [] []
[2013-01-04 00:20:51] Transvision.INFO: Target Locale Chosen: fr [] []
[2013-01-04 00:20:54] Transvision.INFO: Target Locale Chosen: fr [] []
[2013-01-04 00:20:59] Transvision.INFO: Target Locale Chosen: fr [] []
[2013-01-04 00:21:08] Transvision.INFO: Target Locale Chosen: fr [] []
[2013-01-04 00:52:50] Transvision.INFO: Target Locale Chosen: fr [] []
[2013-01-04 00:56:07] Transvision.INFO: Target Locale Chosen: fr [] []
[2013-01-04 00:56:40] Transvision.INFO: Target Locale Chosen: fr [] []
[2013-01-04 00:57:48] Transvision.INFO: Target Locale Chosen: fr [] []
[2013-01-04 00:57:51] Transvision.INFO: Target Locale Chosen: fr [] []
[2013-01-04 00:57:57] Transvision.INFO: Target Locale Chosen: fr [] []
[2013-01-04 00:58:21] Transvision.INFO: Target Locale Chosen: fr [] []
[2013-01-04 00:58:33] Transvision.INFO: Target Locale Chosen: fr [] []
[2013-01-04 00:58:53] Transvision.INFO: Target Locale Chosen: fr [] []
[2013-01-04 01:01:16] Transvision.INFO: Target Locale Chosen: fr [] []
[2013-01-04 01:01:22] Transvision.INFO: Target Locale Chosen: fr [] []
[2013-01-04 01:01:39] Transvision.INFO: Target Locale Chosen: fr [] []
[2013-01-04 01:02:41] Transvision.INFO: Target Locale Chosen: fr [] []
[2013-01-04 01:04:54] Transvision.INFO: Target Locale Chosen: fr [] []
[2013-01-04 01:05:04] Transvision.INFO: Target Locale Chosen: fr [] []
[2013-01-04 01:05:52] Transvision.INFO: Target Locale Chosen: fr [] []
[2013-01-04 01:06:59] Transvision.INFO: Target Locale Chosen: fr [] []
[2013-01-04 01:07:31] Transvision.INFO: Target Locale Chosen: fr [] []
[2013-01-04 01:07:46] Transvision.INFO: Target Locale Chosen: fr [] []
[2013-01-04 01:08:19] Transvision.INFO: Target Locale Chosen: fr [] []
[2013-01-04 01:08:25] Transvision.INFO: Target Locale Chosen: fr [] []
[2013-01-04 01:08:32] Transvision.INFO: Target Locale Chosen: fr [] []
[2013-01-04 01:09:10] Transvision.INFO: Target Locale Chosen: fr [] []
[2013-01-04 01:09:39] Transvision.INFO: Target Locale Chosen: fr [] []
[2013-01-04 01:09:46] Transvision.INFO: Target Locale Chosen: fr [] []
[2013-01-04 01:10:23] Transvision.INFO: Target Locale Chosen: fr [] []
[2013-01-04 01:10:35] Transvision.INFO: Target Locale Chosen: fr [] []
[2013-01-04 01:10:59] Transvision.INFO: Target Locale Chosen: fr [] []
[2013-01-04 01:11:05] Transvision.INFO: Target Locale Chosen: fr [] []
[2013-01-04 01:11:16] Transvision.INFO: Target Locale Chosen: fr [] []
[2013-01-04 01:11:25] Transvision.INFO: Target Locale Chosen: fr [] []
[2013-01-04 01:11:39] Transvision.INFO: Target Locale Chosen: fr [] []
[2013-01-04 01:11:50] Transvision.INFO: Target Locale Chosen: fr [] []
[2013-01-04 01:12:19] Transvision.INFO: Target Locale Chosen: fr [] []
[2013-01-04 01:12:28] Transvision.INFO: Target Locale Chosen: fr [] []
[2013-01-04 01:12:31] Transvision.INFO: Target Locale Chosen: fr [] []
[2013-01-04 01:12:37] Transvision.INFO: Target Locale Chosen: fr [] []
[2013-01-04 01:12:50] Transvision.INFO: Target Locale Chosen: fr [] []
[2013-01-04 01:13:14] Transvision.INFO: Target Locale Chosen: fr [] []
[2013-01-04 01:13:33] Transvision.INFO: Target Locale Chosen: fr [] []
[2013-01-04 01:13:41] Transvision.INFO: Target Locale Chosen: fr [] []
[2013-01-04 01:13:55] Transvision.INFO: Target Locale Chosen: fr [] []
[2013-01-04 01:13:59] Transvision.INFO: Target Locale Chosen: fr [] []
[2013-01-04 01:14:03] Transvision.INFO: Target Locale Chosen: fr [] []
[2013-01-04 01:14:13] Transvision.INFO: Target Locale Chosen: fr [] []
[2013-01-04 01:14:28] Transvision.INFO: Target Locale Chosen: fr [] []
[2013-01-04 01:14:53] Transvision.INFO: Target Locale Chosen: fr [] []
[2013-01-04 01:14:54] Transvision.INFO: Target Locale Chosen: fr [] []
[2013-01-04 01:15:03] Transvision.INFO: Target Locale Chosen: fr [] []
[2013-01-04 01:15:19] Transvision.INFO: Target Locale Chosen: fr [] []
[2013-01-04 01:15:21] Transvision.INFO: Target Locale Chosen: fr [] []
[2013-01-04 01:15:37] Transvision.INFO: Target Locale Chosen: fr [] []
[2013-01-04 01:15:54] Transvision.INFO: Target Locale Chosen: fr [] []
[2013-01-04 01:16:02] Transvision.INFO: Target Locale Chosen: fr [] []
[2013-01-04 01:16:26] Transvision.INFO: Target Locale Chosen: fr [] []
[2013-01-04 01:16:58] Transvision.INFO: Target Locale Chosen: fr [] []
[2013-01-04 01:18:01] Transvision.INFO: Target Locale Chosen: fr [] []
[2013-01-04 01:18:29] Transvision.INFO: Target Locale Chosen: fr [] []
[2013-01-04 01:18:41] Transvision.INFO: Target Locale Chosen: fr [] []
[2013-01-04 01:18:50] Transvision.INFO: Target Locale Chosen: fr [] []
[2013-01-04 01:18:58] Transvision.INFO: Target Locale Chosen: fr [] []
[2013-01-04 01:19:49] Transvision.INFO: Target Locale Chosen: fr [] []
[2013-01-04 01:20:06] Transvision.INFO: Target Locale Chosen: fr [] []
[2013-01-04 01:20:30] Transvision.INFO: Target Locale Chosen: fr [] []
[2013-01-04 01:20:53] Transvision.INFO: Target Locale Chosen: fr [] []
[2013-01-04 01:21:11] Transvision.INFO: Target Locale Chosen: fr [] []
[2013-01-04 01:22:54] Transvision.INFO: Target Locale Chosen: fr [] []
[2013-01-04 01:24:01] Transvision.INFO: Target Locale Chosen: fr [] []
[2013-01-04 01:44:57] Transvision.INFO: Target Locale Chosen: fr [] []
[2013-01-04 01:45:02] Transvision.INFO: Target Locale Chosen: fr [] []
[2013-01-04 01:45:23] Transvision.INFO: Target Locale Chosen: fr [] []
[2013-01-04 01:58:20] Transvision.INFO: Target Locale Chosen: fr [] []
[2013-01-04 01:59:04] Transvision.INFO: Target Locale Chosen: fr [] []
[2013-01-04 02:00:05] Transvision.INFO: Target Locale Chosen: fr [] []
[2013-01-04 02:02:01] Transvision.INFO: Target Locale Chosen: fr [] []
[2013-01-04 02:03:50] Transvision.INFO: Target Locale Chosen: fr [] []
[2013-01-04 02:03:55] Transvision.INFO: Target Locale Chosen: fr [] []
[2013-01-04 02:04:02] Transvision.INFO: Target Locale Chosen: fr [] []
[2013-01-04 02:06:03] Transvision.INFO: Target Locale Chosen: fr [] []
[2013-01-04 02:06:13] Transvision.INFO: Target Locale Chosen: fr [] []
[2013-01-04 02:06:22] Transvision.INFO: Target Locale Chosen: fr [] []
[2013-01-04 02:06:30] Transvision.INFO: Target Locale Chosen: fr [] []
[2013-01-04 02:06:38] Transvision.INFO: Target Locale Chosen: fr [] []
[2013-01-04 02:07:17] Transvision.INFO: Target Locale Chosen: fr [] []
[2013-01-04 02:09:45] Transvision.INFO: Target Locale Chosen: fr [] []
[2013-01-04 02:09:50] Transvision.INFO: Target Locale Chosen: fr [] []
[2013-01-04 02:10:01] Transvision.INFO: Target Locale Chosen: fr [] []
[2013-01-04 02:10:47] Transvision.INFO: Target Locale Chosen: fr [] []
[2013-01-04 02:10:49] Transvision.INFO: Target Locale Chosen: fr [] []
[2013-01-04 02:12:45] Transvision.INFO: Target Locale Chosen: fr [] []
[2013-01-04 02:12:56] Transvision.INFO: Target Locale Chosen: fr [] []
[2013-01-04 02:13:10] Transvision.INFO: Target Locale Chosen: fr [] []
[2013-01-04 02:13:19] Transvision.INFO: Target Locale Chosen: fr [] []
[2013-01-04 02:14:35] Transvision.INFO: Target Locale Chosen: fr [] []
[2013-01-04 02:14:37] Transvision.INFO: Target Locale Chosen: fr [] []
[2013-01-04 02:15:14] Transvision.INFO: Target Locale Chosen: fr [] []
[2013-01-04 02:16:06] Transvision.INFO: Target Locale Chosen: fr [] []
[2013-01-04 02:16:21] Transvision.INFO: Target Locale Chosen: fr [] []
[2013-01-04 02:16:34] Transvision.INFO: Target Locale Chosen: fr [] []
[2013-01-04 02:16:54] Transvision.INFO: Target Locale Chosen: fr [] []
[2013-01-04 02:18:15] Transvision.INFO: Target Locale Chosen: fr [] []
[2013-01-04 02:18:28] Transvision.INFO: Target Locale Chosen: fr [] []
[2013-01-04 02:18:35] Transvision.INFO: Target Locale Chosen: fr [] []
[2013-01-04 02:26:57] Transvision.INFO: Target Locale Chosen: fr [] []
[2013-01-04 02:27:30] Transvision.INFO: Target Locale Chosen: fr [] []
[2013-01-04 02:28:08] Transvision.INFO: Target Locale Chosen: fr [] []
[2013-01-04 02:50:29] Transvision.INFO: fr search {"search":"essai","repo":"central"} []
[2013-01-04 02:52:12] Transvision.INFO: fr search ["essai"] []
[2013-01-04 02:52:27] Transvision.INFO: fr search ["essai"] []
[2013-01-04 02:52:39] Transvision.INFO: fr search ["esa"] []
[2013-01-04 02:53:36] Transvision.INFO: fr search ["esa"] []
[2013-01-04 02:54:41] Transvision.INFO: fr search ["esa","aurora"] []
[2013-01-04 02:56:56] 1.8dev.INFO: fr search ["esa","aurora"] []
[2013-01-04 02:58:33] 1.8dev.INFO: fr - search ["esa","aurora"] []
[2013-01-04 02:59:38] 1.8dev.INFO: fr -  ["esa","aurora"] []
[2013-01-04 03:00:27] 1.8dev.INFO: fr ["esa","aurora"] []
